Arguments: 
  C:\Program Files\nodejs\node.exe C:\Users\kxg8313\AppData\Roaming\npm\node_modules\yarn\bin\yarn.js install

PATH: 
  C:\ProgramData\Oracle\Java\javapath;C:\Program Files\CyberSafe\bin;C:\Program Files (x86)\CyberSafe\bin;C:\Windows\system32;C:\Windows;C:\Windows\System32\Wbem;C:\Windows\System32\WindowsPowerShell\v1.0\;C:\Program Files\Intel\WiFi\bin\;C:\Program Files\Common Files\Intel\WirelessCommon\;C:\Program Files\Common Files\Hitachi ID\;C:\tools\Git\cmd;C:\Program Files\nodejs\;C:\Program Files (x86)\Windows Kits\8.1\Windows Performance Toolkit\;;C:\tools\Microsoft VS Code\bin;C:\Users\kxg8313\AppData\Roaming\npm

Yarn version: 
  1.3.2

Node version: 
  8.9.4

Platform: 
  win32 x64

npm manifest: 
  {
    "name": "ngx-surveyjs",
    "version": "0.0.0",
    "license": "MIT",
    "angular-cli": {},
    "scripts": {
      "ng": "ng",
      "start": "ng serve",
      "test": "ng test",
      "pree2e": "webdriver-manager update --standalone false --gecko false",
      "e2e": "protractor"
    },
    "private": true,
    "dependencies": {
      "@angular/animations": "^5.0.0",
      "@angular/common": "^5.0.0",
      "@angular/compiler": "^5.0.0",
      "@angular/core": "^5.0.0",
      "@angular/forms": "^5.0.0",
      "@angular/http": "^5.0.0",
      "@angular/platform-browser": "^5.0.0",
      "@angular/platform-browser-dynamic": "^5.0.0",
      "@angular/platform-server": "^5.0.0",
      "@angular/router": "^5.0.0",
      "bootstrap": "^3.3.6",
      "core-js": "^2.5.3",
      "jquery": "^3.3.1",
      "rxjs": "^5.5.6",
      "survey-angular": "^1.0.2",
      "surveyjs-editor": "^1.0.2",
      "surveyjs-widgets": "^1.0.2",
      "zone.js": "^0.8.20"
    },
    "devDependencies": {
      "@angular/cli": "^1.6.8",
      "@angular/compiler-cli": "^5.0.0",
      "@types/jasmine": "2.5.38",
      "@types/knockout": "^3.4.40",
      "@types/node": "^6.0.96",
      "codelyzer": "~2.0.0",
      "jasmine-core": "~2.5.2",
      "jasmine-spec-reporter": "~3.2.0",
      "karma": "~1.4.1",
      "karma-chrome-launcher": "~2.0.0",
      "karma-cli": "~1.0.1",
      "karma-coverage-istanbul-reporter": "^0.2.0",
      "karma-jasmine": "^1.1.1",
      "karma-jasmine-html-reporter": "^0.2.2",
      "protractor": "~5.1.0",
      "raw-loader": "^0.5.1",
      "style-loader": "^0.16.1",
      "ts-node": "~2.0.0",
      "tslint": "~4.5.0",
      "typescript": "^2.4.2"
    }
  }

yarn manifest: 
  No manifest

Lockfile: 
  No lockfile

Trace: 
  Error: read ECONNRESET
      at _errnoException (util.js:1022:11)
      at TLSWrap.onread (net.js:615:25)
